0 info it worked if it ends with ok
1 verbose cli [ 'node', '/usr/local/bin/npm', 'install' ]
2 info using npm@1.4.28
3 info using node@v0.10.36
4 warn package.json twitter@1.0.0 No repository field.
5 warn package.json twitter@1.0.0 No README data
6 verbose readDependencies using package.json deps
7 verbose install where, deps [ '/Users/SteveKwak/FullstackWorkshop/twitter',
7 verbose install   [ 'express', 'morgan' ] ]
8 info preinstall twitter@1.0.0
9 verbose readDependencies using package.json deps
10 verbose already installed skipping express@^4.12.2 /Users/SteveKwak/FullstackWorkshop/twitter
11 verbose already installed skipping morgan@^1.5.1 /Users/SteveKwak/FullstackWorkshop/twitter
12 silly resolved []
13 info build /Users/SteveKwak/FullstackWorkshop/twitter
14 verbose linkStuff [ false, false, false, '/Users/SteveKwak/FullstackWorkshop' ]
15 info linkStuff twitter@1.0.0
16 verbose linkBins twitter@1.0.0
17 verbose linkMans twitter@1.0.0
18 verbose rebuildBundles twitter@1.0.0
19 verbose rebuildBundles [ '.bin', 'express', 'morgan', 'nodemon', 'swig' ]
20 verbose rebuild bundle /Users/SteveKwak/FullstackWorkshop/twitter/node_modules/nodemon
21 info build /Users/SteveKwak/FullstackWorkshop/twitter/node_modules/nodemon
22 info preinstall nodemon@1.3.7
23 verbose linkStuff [ false,
23 verbose linkStuff   false,
23 verbose linkStuff   false,
23 verbose linkStuff   '/Users/SteveKwak/FullstackWorkshop/twitter/node_modules' ]
24 info linkStuff nodemon@1.3.7
25 warn prefer global nodemon@1.3.7 should be installed with -g
26 verbose linkBins nodemon@1.3.7
27 verbose link bins [ { nodemon: './bin/nodemon.js' },
27 verbose link bins   '/Users/SteveKwak/FullstackWorkshop/twitter/node_modules/.bin',
27 verbose link bins   false ]
28 verbose linkMans nodemon@1.3.7
29 verbose rebuildBundles nodemon@1.3.7
30 verbose rebuildBundles [ 'minimatch', 'ps-tree', 'touch', 'update-notifier' ]
31 error Error: EACCES, unlink '/Users/SteveKwak/FullstackWorkshop/twitter/node_modules/.bin/nodemon'
31 error  { [Error: EACCES, unlink '/Users/SteveKwak/FullstackWorkshop/twitter/node_modules/.bin/nodemon']
31 error   errno: 3,
31 error   code: 'EACCES',
31 error   path: '/Users/SteveKwak/FullstackWorkshop/twitter/node_modules/.bin/nodemon' }
32 error Please try running this command again as root/Administrator.
33 error System Darwin 14.0.0
34 error command "node" "/usr/local/bin/npm" "install"
35 error cwd /Users/SteveKwak/FullstackWorkshop/twitter
36 error node -v v0.10.36
37 error npm -v 1.4.28
38 error path /Users/SteveKwak/FullstackWorkshop/twitter/node_modules/.bin/nodemon
39 error code EACCES
40 error errno 3
41 error stack Error: EACCES, unlink '/Users/SteveKwak/FullstackWorkshop/twitter/node_modules/.bin/nodemon'
42 verbose exit [ 3, true ]
